<?xml version="1.0" encoding="UTF-8"?>
<!-- Generated by org.testng.reporters.JUnitReportReporter -->
<testsuite hostname="Lenovo" failures="0" tests="2" name="automationtests.homeTest" time="0.012" errors="0" timestamp="2022-07-13T11:44:13 MSK" skipped="0">
  <testcase classname="automationtests.homeTest" name="calculateTest" time="0.012"/>
  <system-out/>
  <testcase classname="automationtests.homeTest" name="calculateemiTest" time="0.000"/>
  <system-out/>
</testsuite> <!-- automationtests.homeTest -->
