<?xml version="1.0" encoding="UTF-8"?>
<!-- Generated by org.testng.reporters.JUnitReportReporter -->
<testsuite hostname="Lenovo" failures="0" tests="1" name="automationtests.seleniumTest" time="0.001" errors="0" timestamp="2022-07-13T11:44:13 MSK" skipped="0">
  <testcase classname="automationtests.seleniumTest" name="seleniumchromeTest" time="0.001"/>
  <system-out/>
</testsuite> <!-- automationtests.seleniumTest -->
