<?xml version="1.0" encoding="UTF-8"?>
<!-- Generated by org.testng.reporters.JUnitReportReporter -->
<testsuite hostname="Lenovo" failures="0" tests="2" name="automationtests.personalTest" time="0.002" errors="0" timestamp="2022-07-13T11:44:13 MSK" skipped="0">
  <testcase classname="automationtests.personalTest" name="calculatepersonalTest" time="0.001"/>
  <system-out/>
  <testcase classname="automationtests.personalTest" name="calculatepersonalemiTest" time="0.001"/>
  <system-out/>
</testsuite> <!-- automationtests.personalTest -->
